# JRE version: OpenJDK Runtime Environment (8.0_242-b01) (build 1.8.0_242-release-1644-b01)
# Java VM: OpenJDK 64-Bit Server VM (25.242-b01 mixed mode windows-amd64 compressed oops)
Heap:
 PSYoungGen      total 183296K, used 53254K [0x00000000e0000000, 0x00000000ec080000, 0x0000000100000000)
  eden space 169472K, 31% used [0x00000000e0000000,0x00000000e3401b48,0x00000000ea580000)
  from space 13824K, 0% used [0x00000000ea580000,0x00000000ea580000,0x00000000eb300000)
  to   space 11264K, 0% used [0x00000000eb580000,0x00000000eb580000,0x00000000ec080000)
 ParOldGen       total 140800K, used 42613K [0x00000000a0000000, 0x00000000a8980000, 0x00000000e0000000)
  object space 140800K, 30% used [0x00000000a0000000,0x00000000a299d598,0x00000000a8980000)
 Metaspace       used 59706K, capacity 61762K, committed 61992K, reserved 1101824K
  class space    used 8152K, capacity 8728K, committed 8752K, reserved 1048576K
GC Heap History (10 events):
Event: 9.816 GC heap before
{Heap before GC invocations=10 (full 2):
 PSYoungGen      total 180736K, used 11148K [0x00000000e0000000, 0x00000000ec080000, 0x0000000100000000)
  eden space 169472K, 0% used [0x00000000e0000000,0x00000000e0000000,0x00000000ea580000)
  from space 11264K, 98% used [0x00000000eb580000,0x00000000ec0632d0,0x00000000ec080000)
  to   space 13824K, 0% used [0x00000000ea580000,0x00000000ea580000,0x00000000eb300000)
 ParOldGen       total 64512K, used 7631K [0x00000000a0000000, 0x00000000a3f00000, 0x00000000e0000000)
  object space 64512K, 11% used [0x00000000a0000000,0x00000000a0773c58,0x00000000a3f00000)
 Metaspace       used 34618K, capacity 35388K, committed 35496K, reserved 1079296K
  class space    used 4721K, capacity 4981K, committed 5040K, reserved 1048576K
Event: 9.956 GC heap after
Heap after GC invocations=10 (full 2):
 PSYoungGen      total 180736K, used 0K [0x00000000e0000000, 0x00000000ec080000, 0x0000000100000000)
  eden space 169472K, 0% used [0x00000000e0000000,0x00000000e0000000,0x00000000ea580000)
  from space 11264K, 0% used [0x00000000eb580000,0x00000000eb580000,0x00000000ec080000)
  to   space 13824K, 0% used [0x00000000ea580000,0x00000000ea580000,0x00000000eb300000)
 ParOldGen       total 89088K, used 17867K [0x00000000a0000000, 0x00000000a5700000, 0x00000000e0000000)
  object space 89088K, 20% used [0x00000000a0000000,0x00000000a1172d80,0x00000000a5700000)
 Metaspace       used 34612K, capacity 35370K, committed 35496K, reserved 1079296K
  class space    used 4720K, capacity 4978K, committed 5040K, reserved 1048576K
}
Event: 14.475 GC heap before
{Heap before GC invocations=11 (full 2):
 PSYoungGen      total 180736K, used 169472K [0x00000000e0000000, 0x00000000ec080000, 0x0000000100000000)
  eden space 169472K, 100% used [0x00000000e0000000,0x00000000ea580000,0x00000000ea580000)
  from space 11264K, 0% used [0x00000000eb580000,0x00000000eb580000,0x00000000ec080000)
  to   space 13824K, 0% used [0x00000000ea580000,0x00000000ea580000,0x00000000eb300000)
 ParOldGen       total 89088K, used 17867K [0x00000000a0000000, 0x00000000a5700000, 0x00000000e0000000)
  object space 89088K, 20% used [0x00000000a0000000,0x00000000a1172d80,0x00000000a5700000)
 Metaspace       used 46841K, capacity 48056K, committed 48168K, reserved 1091584K
  class space    used 6291K, capacity 6643K, committed 6704K, reserved 1048576K
Event: 14.528 GC heap after
Heap after GC invocations=11 (full 2):
 PSYoungGen      total 183296K, used 13817K [0x00000000e0000000, 0x00000000ec080000, 0x0000000100000000)
  eden space 169472K, 0% used [0x00000000e0000000,0x00000000e0000000,0x00000000ea580000)
  from space 13824K, 99% used [0x00000000ea580000,0x00000000eb2fe610,0x00000000eb300000)
  to   space 11264K, 0% used [0x00000000eb580000,0x00000000eb580000,0x00000000ec080000)
 ParOldGen       total 89088K, used 22708K [0x00000000a0000000, 0x00000000a5700000, 0x00000000e0000000)
  object space 89088K, 25% used [0x00000000a0000000,0x00000000a162d2e8,0x00000000a5700000)
 Metaspace       used 46841K, capacity 48056K, committed 48168K, reserved 1091584K
  class space    used 6291K, capacity 6643K, committed 6704K, reserved 1048576K
}
Event: 18.924 GC heap before
{Heap before GC invocations=12 (full 2):
 PSYoungGen      total 183296K, used 183289K [0x00000000e0000000, 0x00000000ec080000, 0x0000000100000000)
  eden space 169472K, 100% used [0x00000000e0000000,0x00000000ea580000,0x00000000ea580000)
  from space 13824K, 99% used [0x00000000ea580000,0x00000000eb2fe610,0x00000000eb300000)
  to   space 11264K, 0% used [0x00000000eb580000,0x00000000eb580000,0x00000000ec080000)
 ParOldGen       total 89088K, used 22708K [0x00000000a0000000, 0x00000000a5700000, 0x00000000e0000000)
  object space 89088K, 25% used [0x00000000a0000000,0x00000000a162d2e8,0x00000000a5700000)
 Metaspace       used 56566K, capacity 58426K, committed 58664K, reserved 1099776K
  class space    used 7709K, capacity 8239K, committed 8240K, reserved 1048576K
Event: 18.973 GC heap after
Heap after GC invocations=12 (full 2):
 PSYoungGen      total 180736K, used 11261K [0x00000000e0000000, 0x00000000ec080000, 0x0000000100000000)
  eden space 169472K, 0% used [0x00000000e0000000,0x00000000e0000000,0x00000000ea580000)
  from space 11264K, 99% used [0x00000000eb580000,0x00000000ec07f720,0x00000000ec080000)
  to   space 13824K, 0% used [0x00000000ea580000,0x00000000ea580000,0x00000000eb300000)
 ParOldGen       total 89088K, used 38361K [0x00000000a0000000, 0x00000000a5700000, 0x00000000e0000000)
  object space 89088K, 43% used [0x00000000a0000000,0x00000000a2576410,0x00000000a5700000)
 Metaspace       used 56566K, capacity 58426K, committed 58664K, reserved 1099776K
  class space    used 7709K, capacity 8239K, committed 8240K, reserved 1048576K
}
Event: 19.543 GC heap before
{Heap before GC invocations=13 (full 2):
 PSYoungGen      total 180736K, used 27112K [0x00000000e0000000, 0x00000000ec080000, 0x0000000100000000)
  eden space 169472K, 9% used [0x00000000e0000000,0x00000000e0f7aab8,0x00000000ea580000)
  from space 11264K, 99% used [0x00000000eb580000,0x00000000ec07f720,0x00000000ec080000)
  to   space 13824K, 0% used [0x00000000ea580000,0x00000000ea580000,0x00000000eb300000)
 ParOldGen       total 89088K, used 38361K [0x00000000a0000000, 0x00000000a5700000, 0x00000000e0000000)
  object space 89088K, 43% used [0x00000000a0000000,0x00000000a2576410,0x00000000a5700000)
 Metaspace       used 57080K, capacity 59014K, committed 59160K, reserved 1099776K
  class space    used 7761K, capacity 8260K, committed 8368K, reserved 1048576K
Event: 19.569 GC heap after
Heap after GC invocations=13 (full 2):
 PSYoungGen      total 183296K, used 1536K [0x00000000e0000000, 0x00000000ec080000, 0x0000000100000000)
  eden space 169472K, 0% used [0x00000000e0000000,0x00000000e0000000,0x00000000ea580000)
  from space 13824K, 11% used [0x00000000ea580000,0x00000000ea7002f8,0x00000000eb300000)
  to   space 11264K, 0% used [0x00000000eb580000,0x00000000eb580000,0x00000000ec080000)
 ParOldGen       total 89088K, used 49678K [0x00000000a0000000, 0x00000000a5700000, 0x00000000e0000000)
  object space 89088K, 55% used [0x00000000a0000000,0x00000000a3083a60,0x00000000a5700000)
 Metaspace       used 57080K, capacity 59014K, committed 59160K, reserved 1099776K
  class space    used 7761K, capacity 8260K, committed 8368K, reserved 1048576K
}
Event: 19.569 GC heap before
{Heap before GC invocations=14 (full 3):
 PSYoungGen      total 183296K, used 1536K [0x00000000e0000000, 0x00000000ec080000, 0x0000000100000000)
  eden space 169472K, 0% used [0x00000000e0000000,0x00000000e0000000,0x00000000ea580000)
  from space 13824K, 11% used [0x00000000ea580000,0x00000000ea7002f8,0x00000000eb300000)
  to   space 11264K, 0% used [0x00000000eb580000,0x00000000eb580000,0x00000000ec080000)
 ParOldGen       total 89088K, used 49678K [0x00000000a0000000, 0x00000000a5700000, 0x00000000e0000000)
  object space 89088K, 55% used [0x00000000a0000000,0x00000000a3083a60,0x00000000a5700000)
 Metaspace       used 57080K, capacity 59014K, committed 59160K, reserved 1099776K
  class space    used 7761K, capacity 8260K, committed 8368K, reserved 1048576K
Event: 19.932 GC heap after
Heap after GC invocations=14 (full 3):
 PSYoungGen      total 183296K, used 0K [0x00000000e0000000, 0x00000000ec080000, 0x0000000100000000)
  eden space 169472K, 0% used [0x00000000e0000000,0x00000000e0000000,0x00000000ea580000)
  from space 13824K, 0% used [0x00000000ea580000,0x00000000ea580000,0x00000000eb300000)
  to   space 11264K, 0% used [0x00000000eb580000,0x00000000eb580000,0x00000000ec080000)
 ParOldGen       total 140800K, used 42613K [0x00000000a0000000, 0x00000000a8980000, 0x00000000e0000000)
  object space 140800K, 30% used [0x00000000a0000000,0x00000000a299d598,0x00000000a8980000)
 Metaspace       used 57080K, capacity 59014K, committed 59160K, reserved 1099776K
  class space    used 7761K, capacity 8260K, committed 8368K, reserved 1048576K
}

